Determining if the pthread_create exist failed with the following output:
Change Dir: /home/emil/Dropbox/UNI/MSc/ROVIProjekt/ROVIProjekt/Integration/Project_WorkCell/SamplePluginPA10/build/CMakeFiles/CMakeTmp

Run Build Command:"/usr/bin/make" "cmTC_3dd15/fast"
/usr/bin/make -f CMakeFiles/cmTC_3dd15.dir/build.make CMakeFiles/cmTC_3dd15.dir/build
make[1]: Entering directory '/home/emil/Dropbox/UNI/MSc/ROVIProjekt/ROVIProjekt/Integration/Project_WorkCell/SamplePluginPA10/build/CMakeFiles/CMakeTmp'
Building C object CMakeFiles/cmTC_3dd15.dir/CheckSymbolExists.c.o
/usr/bin/cc   -fPIC    -o CMakeFiles/cmTC_3dd15.dir/CheckSymbolExists.c.o   -c /home/emil/Dropbox/UNI/MSc/ROVIProjekt/ROVIProjekt/Integration/Project_WorkCell/SamplePluginPA10/build/CMakeFiles/CMakeTmp/CheckSymbolExists.c
Linking C executable cmTC_3dd15
/usr/bin/cmake -E cmake_link_script CMakeFiles/cmTC_3dd15.dir/link.txt --verbose=1
/usr/bin/cc   -fPIC     -rdynamic CMakeFiles/cmTC_3dd15.dir/CheckSymbolExists.c.o  -o cmTC_3dd15 
/usr/bin/ld: CMakeFiles/cmTC_3dd15.dir/CheckSymbolExists.c.o: in function `main':
CheckSymbolExists.c:(.text+0x1b): undefined reference to `pthread_create'
collect2: error: ld returned 1 exit status
make[1]: *** [CMakeFiles/cmTC_3dd15.dir/build.make:87: cmTC_3dd15] Error 1
make[1]: Leaving directory '/home/emil/Dropbox/UNI/MSc/ROVIProjekt/ROVIProjekt/Integration/Project_WorkCell/SamplePluginPA10/build/CMakeFiles/CMakeTmp'
make: *** [Makefile:121: cmTC_3dd15/fast] Error 2

File /home/emil/Dropbox/UNI/MSc/ROVIProjekt/ROVIProjekt/Integration/Project_WorkCell/SamplePluginPA10/build/CMakeFiles/CMakeTmp/CheckSymbolExists.c:
/* */
#include <pthread.h>

int main(int argc, char** argv)
{
  (void)argv;
#ifndef pthread_create
  return ((int*)(&pthread_create))[argc];
#else
  (void)argc;
  return 0;
#endif
}

Determining if the function pthread_create exists in the pthreads failed with the following output:
Change Dir: /home/emil/Dropbox/UNI/MSc/ROVIProjekt/ROVIProjekt/Integration/Project_WorkCell/SamplePluginPA10/build/CMakeFiles/CMakeTmp

Run Build Command:"/usr/bin/make" "cmTC_0731c/fast"
/usr/bin/make -f CMakeFiles/cmTC_0731c.dir/build.make CMakeFiles/cmTC_0731c.dir/build
make[1]: Entering directory '/home/emil/Dropbox/UNI/MSc/ROVIProjekt/ROVIProjekt/Integration/Project_WorkCell/SamplePluginPA10/build/CMakeFiles/CMakeTmp'
Building C object CMakeFiles/cmTC_0731c.dir/CheckFunctionExists.c.o
/usr/bin/cc   -fPIC -DCHECK_FUNCTION_EXISTS=pthread_create   -o CMakeFiles/cmTC_0731c.dir/CheckFunctionExists.c.o   -c /usr/share/cmake-3.13/Modules/CheckFunctionExists.c
Linking C executable cmTC_0731c
/usr/bin/cmake -E cmake_link_script CMakeFiles/cmTC_0731c.dir/link.txt --verbose=1
/usr/bin/cc   -fPIC -DCHECK_FUNCTION_EXISTS=pthread_create    -rdynamic CMakeFiles/cmTC_0731c.dir/CheckFunctionExists.c.o  -o cmTC_0731c -lpthreads 
/usr/bin/ld: cannot find -lpthreads
collect2: error: ld returned 1 exit status
make[1]: *** [CMakeFiles/cmTC_0731c.dir/build.make:87: cmTC_0731c] Error 1
make[1]: Leaving directory '/home/emil/Dropbox/UNI/MSc/ROVIProjekt/ROVIProjekt/Integration/Project_WorkCell/SamplePluginPA10/build/CMakeFiles/CMakeTmp'
make: *** [Makefile:121: cmTC_0731c/fast] Error 2


